0 info it worked if it ends with ok
1 verbose cli [ 'C:\\Program Files\\nodejs\\node.exe',
1 verbose cli   'C:\\Users\\rmartignoni.VISIONOBJECTS\\AppData\\Roaming\\npm\\node_modules\\npm\\bin\\npm-cli.js',
1 verbose cli   'start' ]
2 info using npm@3.4.0
3 info using node@v5.5.0
4 verbose run-script [ 'prestart', 'start', 'poststart' ]
5 info lifecycle angular2-quickstart@1.0.0~prestart: angular2-quickstart@1.0.0
6 silly lifecycle angular2-quickstart@1.0.0~prestart: no script for prestart, continuing
7 info lifecycle angular2-quickstart@1.0.0~start: angular2-quickstart@1.0.0
8 verbose lifecycle angular2-quickstart@1.0.0~start: unsafe-perm in lifecycle true
9 verbose lifecycle angular2-quickstart@1.0.0~start: PATH: C:\Users\rmartignoni.VISIONOBJECTS\AppData\Roaming\npm\node_modules\npm\bin\node-gyp-bin;C:\Users\rmartignoni\workspace\tour-of-heroes\node_modules\.bin;C:\Users\rmartignoni.VISIONOBJECTS\AppData\Roaming\npm;C:\ProgramData\Oracle\Java\javapath;C:\Windows\System32;C:\Program Files (x86)\EasyPHP-DevServer-14.1VC9\binaries\php\php_runningversion;C:\Perl64\site\bin;C:\Perl64\bin;C:\Program Files (x86)\EasyPHP-DevServer-14.1VC11\binaries\php\php_runningversion;C:\Program Files\Java\jdk1.8.0_25\bin;C:\Program Files (x86)\gawk-3.1.6-1-bin\bin;C:\apache-maven-3.2.3-bin\apache-maven-3.2.3\bin;C:\apache-tomcat-6.0.41-windows-x64\apache-tomcat-6.0.41\bin;C:\Program Files (x86)\EasyPHP-DevServer-14.1VC9\binaries\mysql\bin;C:\Program Files (x86)\Microsoft SQL Server\90\Tools\Binn;C:\cygwin64\bin;C:\Program Files (x86)\CMake\bin;C:\Program Files (x86)\Heroku\bin;C:\Program Files (x86)\git\cmd;C:\Program Files\Microsoft Windows Performance Toolkit\;C:\Program Files\MongoDB\Server\3.0\bin;C:\Ruby22\bin;C:\ruby_dev_kit\bin;C:\Python34;C:\Program Files (x86)\chromedriver_win32;C:\Program Files\nssm-2.24\win64;C:\Program Files\Android\Android Studio\gradle\gradle-2.4\bin;C:\Users\rmartignoni.VISIONOBJECTS\AppData\Local\Android\sdk\platform-tools;C:\Program Files (x86)\Skype\Phone\;C:\Program Files\nodejs\;C:\Python34\Scripts;C:\mssql_useful\openssl-1.0.1q-vs2010\bin64;C:\mssql_useful\freetds-v0.95.81-win-x86_64-vs2010\bin;C:\Miktex\miktex\bin\;C:\Users\rmartignoni.VISIONOBJECTS\AppData\Roaming\npm
10 verbose lifecycle angular2-quickstart@1.0.0~start: CWD: C:\Users\rmartignoni\workspace\tour-of-heroes
11 silly lifecycle angular2-quickstart@1.0.0~start: Args: [ '/d /s /c', 'tsc && concurrently "tsc -w" "lite-server" ' ]
12 silly lifecycle angular2-quickstart@1.0.0~start: Returned: code: 1  signal: null
13 info lifecycle angular2-quickstart@1.0.0~start: Failed to exec start script
14 verbose stack Error: angular2-quickstart@1.0.0 start: `tsc && concurrently "tsc -w" "lite-server" `
14 verbose stack Exit status 1
14 verbose stack     at EventEmitter.<anonymous> (C:\Users\rmartignoni.VISIONOBJECTS\AppData\Roaming\npm\node_modules\npm\lib\utils\lifecycle.js:232:16)
14 verbose stack     at emitTwo (events.js:100:13)
14 verbose stack     at EventEmitter.emit (events.js:185:7)
14 verbose stack     at ChildProcess.<anonymous> (C:\Users\rmartignoni.VISIONOBJECTS\AppData\Roaming\npm\node_modules\npm\lib\utils\spawn.js:24:14)
14 verbose stack     at emitTwo (events.js:100:13)
14 verbose stack     at ChildProcess.emit (events.js:185:7)
14 verbose stack     at maybeClose (internal/child_process.js:821:16)
14 verbose stack     at Process.ChildProcess._handle.onexit (internal/child_process.js:211:5)
15 verbose pkgid angular2-quickstart@1.0.0
16 verbose cwd C:\Users\rmartignoni\workspace\tour-of-heroes
17 error Windows_NT 6.1.7601
18 error argv "C:\\Program Files\\nodejs\\node.exe" "C:\\Users\\rmartignoni.VISIONOBJECTS\\AppData\\Roaming\\npm\\node_modules\\npm\\bin\\npm-cli.js" "start"
19 error node v5.5.0
20 error npm  v3.4.0
21 error code ELIFECYCLE
22 error angular2-quickstart@1.0.0 start: `tsc && concurrently "tsc -w" "lite-server" `
22 error Exit status 1
23 error Failed at the angular2-quickstart@1.0.0 start script 'tsc && concurrently "tsc -w" "lite-server" '.
23 error Make sure you have the latest version of node.js and npm installed.
23 error If you do, this is most likely a problem with the angular2-quickstart package,
23 error not with npm itself.
23 error Tell the author that this fails on your system:
23 error     tsc && concurrently "tsc -w" "lite-server"
23 error You can get their info via:
23 error     npm owner ls angular2-quickstart
23 error There is likely additional logging output above.
24 verbose exit [ 1, true ]
